IMLib/build/outputs/logs/manifest-merger-debug-report.txt
-- Merging decision tree log ---
manifest
ADDED from QiQiHunShe-Android\IMLib\AndroidManifest.xml:1:1-62:12
INJECTED from QiQiHunShe-Android\IMLib\AndroidManifest.xml:1:1-62:12
INJECTED from QiQiHunShe-Android\IMLib\AndroidManifest.xml:1:1-62:12
INJECTED from QiQiHunShe-Android\IMLib\AndroidManifest.xml:1:1-62:12
INJECTED from QiQiHunShe-Android\IMLib\AndroidManifest.xml:1:1-62:12
INJECTED from QiQiHunShe-Android\IMLib\AndroidManifest.xml:1:1-62:12
INJECTED from QiQiHunShe-Android\IMLib\AndroidManifest.xml:1:1-62:12
	package
		ADDED from QiQiHunShe-Android\IMLib\AndroidManifest.xml:2:5-28
		INJECTED from QiQiHunShe-Android\IMLib\AndroidManifest.xml
		INJECTED from QiQiHunShe-Android\IMLib\AndroidManifest.xml
	android:versionName
		INJECTED from QiQiHunShe-Android\IMLib\AndroidManifest.xml
		ADDED from QiQiHunShe-Android\IMLib\AndroidManifest.xml:1:1-62:12
		INJECTED from QiQiHunShe-Android\IMLib\AndroidManifest.xml
	android:versionCode
		INJECTED from QiQiHunShe-Android\IMLib\AndroidManifest.xml
		ADDED from QiQiHunShe-Android\IMLib\AndroidManifest.xml:1:1-62:12
		INJECTED from QiQiHunShe-Android\IMLib\AndroidManifest.xml
	xmlns:android
		ADDED from QiQiHunShe-Android\IMLib\AndroidManifest.xml:1:11-69
uses-permission#android.permission.WRITE_EXTERNAL_STORAGE
ADDED from QiQiHunShe-Android\IMLib\AndroidManifest.xml:4:5-81
	android:name
		ADDED from QiQiHunShe-Android\IMLib\AndroidManifest.xml:4:22-78
uses-permission#android.permission.INTERNET
ADDED from QiQiHunShe-Android\IMLib\AndroidManifest.xml:5:5-67
	android:name
		ADDED from QiQiHunShe-Android\IMLib\AndroidManifest.xml:5:22-64
uses-permission#android.permission.ACCESS_NETWORK_STATE
ADDED from QiQiHunShe-Android\IMLib\AndroidManifest.xml:6:5-79
	android:name
		ADDED from QiQiHunShe-Android\IMLib\AndroidManifest.xml:6:22-76
uses-permission#android.permission.ACCESS_WIFI_STATE
ADDED from QiQiHunShe-Android\IMLib\AndroidManifest.xml:7:5-76
	android:name
		ADDED from QiQiHunShe-Android\IMLib\AndroidManifest.xml:7:22-73
uses-permission#android.permission.WAKE_LOCK
ADDED from QiQiHunShe-Android\IMLib\AndroidManifest.xml:8:5-68
	android:name
		ADDED from QiQiHunShe-Android\IMLib\AndroidManifest.xml:8:22-65
uses-permission#android.permission.ACCESS_FINE_LOCATION
ADDED from QiQiHunShe-Android\IMLib\AndroidManifest.xml:9:5-79
	android:name
		ADDED from QiQiHunShe-Android\IMLib\AndroidManifest.xml:9:22-76
application
ADDED from QiQiHunShe-Android\IMLib\AndroidManifest.xml:11:5-60:19
meta-data#RONG_CLOUD_APP_KEY
ADDED from QiQiHunShe-Android\IMLib\AndroidManifest.xml:14:9-16:43
	android:value
		ADDED from QiQiHunShe-Android\IMLib\AndroidManifest.xml:16:13-40
	android:name
		ADDED from QiQiHunShe-Android\IMLib\AndroidManifest.xml:15:13-46
service#io.rong.imlib.ipc.RongService
ADDED from QiQiHunShe-Android\IMLib\AndroidManifest.xml:18:9-21:38
	android:process
		ADDED from QiQiHunShe-Android\IMLib\AndroidManifest.xml:21:13-35
	android:exported
		ADDED from QiQiHunShe-Android\IMLib\AndroidManifest.xml:20:13-36
	android:name
		ADDED from QiQiHunShe-Android\IMLib\AndroidManifest.xml:19:13-57
receiver#io.rong.imlib.ConnectChangeReceiver
ADDED from QiQiHunShe-Android\IMLib\AndroidManifest.xml:23:9-25:39
	android:exported
		ADDED from QiQiHunShe-Android\IMLib\AndroidManifest.xml:25:13-36
	android:name
		ADDED from QiQiHunShe-Android\IMLib\AndroidManifest.xml:24:13-63
receiver#io.rong.imlib.HeartbeatReceiver
ADDED from QiQiHunShe-Android\IMLib\AndroidManifest.xml:27:9-29:38
	android:process
		ADDED from QiQiHunShe-Android\IMLib\AndroidManifest.xml:29:13-35
	android:name
		ADDED from QiQiHunShe-Android\IMLib\AndroidManifest.xml:28:13-59
service#io.rong.push.rongpush.PushService
ADDED from QiQiHunShe-Android\IMLib\AndroidManifest.xml:33:9-37:46
	android:process
		ADDED from QiQiHunShe-Android\IMLib\AndroidManifest.xml:37:13-43
	android:exported
		ADDED from QiQiHunShe-Android\IMLib\AndroidManifest.xml:35:13-36
	android:permission
		ADDED from QiQiHunShe-Android\IMLib\AndroidManifest.xml:36:13-69
	android:name
		ADDED from QiQiHunShe-Android\IMLib\AndroidManifest.xml:34:13-61
receiver#io.rong.push.rongpush.PushReceiver
ADDED from QiQiHunShe-Android\IMLib\AndroidManifest.xml:40:9-55:20
	android:process
		ADDED from QiQiHunShe-Android\IMLib\AndroidManifest.xml:42:13-43
	android:name
		ADDED from QiQiHunShe-Android\IMLib\AndroidManifest.xml:41:13-62
intent-filter#action:name:android.net.conn.CONNECTIVITY_CHANGE+action:name:io.rong.push.intent.action.HEART_BEAT
ADDED from QiQiHunShe-Android\IMLib\AndroidManifest.xml:44:13-47:29
action#io.rong.push.intent.action.HEART_BEAT
ADDED from QiQiHunShe-Android\IMLib\AndroidManifest.xml:45:17-80
	android:name
		ADDED from QiQiHunShe-Android\IMLib\AndroidManifest.xml:45:25-77
action#android.net.conn.CONNECTIVITY_CHANGE
ADDED from QiQiHunShe-Android\IMLib\AndroidManifest.xml:46:17-79
	android:name
		ADDED from QiQiHunShe-Android\IMLib\AndroidManifest.xml:46:25-76
intent-filter#action:name:android.intent.action.ACTION_POWER_CONNECTED+action:name:android.intent.action.ACTION_POWER_DISCONNECTED+action:name:android.intent.action.USER_PRESENT
ADDED from QiQiHunShe-Android\IMLib\AndroidManifest.xml:50:13-54:29
action#android.intent.action.USER_PRESENT
ADDED from QiQiHunShe-Android\IMLib\AndroidManifest.xml:51:17-77
	android:name
		ADDED from QiQiHunShe-Android\IMLib\AndroidManifest.xml:51:25-74
action#android.intent.action.ACTION_POWER_CONNECTED
ADDED from QiQiHunShe-Android\IMLib\AndroidManifest.xml:52:17-87
	android:name
		ADDED from QiQiHunShe-Android\IMLib\AndroidManifest.xml:52:25-84
action#android.intent.action.ACTION_POWER_DISCONNECTED
ADDED from QiQiHunShe-Android\IMLib\AndroidManifest.xml:53:17-90
	android:name
		ADDED from QiQiHunShe-Android\IMLib\AndroidManifest.xml:53:25-87
uses-sdk
INJECTED from QiQiHunShe-Android\IMLib\AndroidManifest.xml reason: use-sdk injection requested
INJECTED from QiQiHunShe-Android\IMLib\AndroidManifest.xml
INJECTED from QiQiHunShe-Android\IMLib\AndroidManifest.xml
INJECTED from QiQiHunShe-Android\IMLib\AndroidManifest.xml
INJECTED from QiQiHunShe-Android\IMLib\AndroidManifest.xml
	android:targetSdkVersion
		INJECTED from QiQiHunShe-Android\IMLib\AndroidManifest.xml
		ADDED from QiQiHunShe-Android\IMLib\AndroidManifest.xml
		INJECTED from QiQiHunShe-Android\IMLib\AndroidManifest.xml
	android:minSdkVersion
		INJECTED from QiQiHunShe-Android\IMLib\AndroidManifest.xml
		ADDED from QiQiHunShe-Android\IMLib\AndroidManifest.xml
		INJECTED from QiQiHunShe-Android\IMLib\AndroidManifest.xml